2026-07-17 16:03:49,347 INFO: Beginning...
2026-07-17 16:03:49,347 INFO: Arguments: {
    "train_file": null,
    "ofile": "jxy/output/markov_guesses.txt",
    "model_file": "jxy/output/markov_model.json",
    "password_file": null,
    "k_order": 2,
    "config": null,
    "smoothing": "none",
    "train_format": "tsv",
    "config_values": null,
    "log_file": "jxy/log/guess_markov.log",
    "log_level": "info"
}
2026-07-17 16:03:49,387 INFO: Version: 36c8345f6526b1428836495800c7a00f1ed7aad7
2026-07-17 16:03:49,387 INFO: Using default config
2026-07-17 16:03:49,387 INFO: Using config: {
    "char_bag": "abcdefghijklmnopqrstuvwxyzABCDEFGHIJKLMNOPQRSTUVWXYZ0123456789~!@#$%^&*(),.<>/?'\"{}[]\\|-_=+;: `\n",
    "model_type": "LSTM",
    "sequence_model": 0,
    "hidden_size": 128,
    "layers": 1,
    "max_len": 40,
    "min_len": 4,
    "training_chunk": 128,
    "generations": 20,
    "chunk_print_interval": 1000,
    "lower_probability_threshold": 1e-05,
    "relevel_not_matching_passwords": true,
    "training_accuracy_threshold": -1.0,
    "train_test_ratio": 10,
    "rare_character_optimization": false,
    "rare_character_optimization_guessing": false,
    "uppercase_character_optimization": false,
    "rare_character_lowest_threshold": 20,
    "guess_serialization_method": "human",
    "simulated_frequency_optimization": true,
    "intermediate_fname": ":memory:",
    "save_always": true,
    "save_model_versioned": false,
    "randomize_training_order": true,
    "model_optimizer": "adam",
    "guesser_intermediate_directory": "guesser_files",
    "cleanup_guesser_files": true,
    "early_stopping": false,
    "early_stopping_patience": 10000,
    "compute_stats": false,
    "password_test_fname": "",
    "chunk_size_guesser": 1000,
    "random_walk_seed_num": 1000,
    "max_gpu_prediction_size": 25000,
    "cpu_limit": 8,
    "random_walk_confidence_bound_z_value": 1.96,
    "random_walk_confidence_percent": 5,
    "random_walk_upper_bound": 10,
    "no_end_word_cache": false,
    "enforced_policy": "basic",
    "pwd_list_weights": {},
    "dropouts": false,
    "dropout_ratio": 0.25,
    "tensorboard": false,
    "tensorboard_dir": ".",
    "context_length": 40,
    "train_backwards": false,
    "dense_layers": 0,
    "dense_hidden_size": 128,
    "secondary_training": false,
    "secondary_train_sets": {},
    "training_main_memory_chunksize": 1000000,
    "probability_steps": false,
    "freeze_feature_layers_during_secondary_training": true,
    "secondary_training_save_freqs": false,
    "guessing_secondary_training": false,
    "guesser_class": "markov_human",
    "freq_format": "hex",
    "padding_character": false,
    "convolutional_kernel_size": 3,
    "embedding_layer": false,
    "embedding_size": 8,
    "previous_probability_mapping_file": null,
    "probability_calculator_cache_size": 0,
    "additive_smoothing_amount": 0,
    "backoff_smoothing_threshold": 10
}
2026-07-17 16:03:49,388 INFO: Loading model from jxy/output/markov_model.json
2026-07-17 16:03:49,389 INFO: Enumerating guesses starting at , 1...
2026-07-17 16:03:49,602 INFO: Generated 34 guesses
2026-07-17 16:07:50,749 INFO: Beginning...
2026-07-17 16:07:50,749 INFO: Arguments: {
    "train_file": null,
    "ofile": "jxy/output/markov_guesses_k5.txt",
    "model_file": "jxy/output/markov_model_k5.json",
    "password_file": null,
    "k_order": 2,
    "config": null,
    "smoothing": "none",
    "train_format": "tsv",
    "config_values": null,
    "log_file": "jxy/log/guess_markov.log",
    "log_level": "info"
}
2026-07-17 16:07:50,787 INFO: Version: 36c8345f6526b1428836495800c7a00f1ed7aad7
2026-07-17 16:07:50,788 INFO: Using default config
2026-07-17 16:07:50,788 INFO: Using config: {
    "char_bag": "abcdefghijklmnopqrstuvwxyzABCDEFGHIJKLMNOPQRSTUVWXYZ0123456789~!@#$%^&*(),.<>/?'\"{}[]\\|-_=+;: `\n",
    "model_type": "LSTM",
    "sequence_model": 0,
    "hidden_size": 128,
    "layers": 1,
    "max_len": 40,
    "min_len": 4,
    "training_chunk": 128,
    "generations": 20,
    "chunk_print_interval": 1000,
    "lower_probability_threshold": 1e-05,
    "relevel_not_matching_passwords": true,
    "training_accuracy_threshold": -1.0,
    "train_test_ratio": 10,
    "rare_character_optimization": false,
    "rare_character_optimization_guessing": false,
    "uppercase_character_optimization": false,
    "rare_character_lowest_threshold": 20,
    "guess_serialization_method": "human",
    "simulated_frequency_optimization": true,
    "intermediate_fname": ":memory:",
    "save_always": true,
    "save_model_versioned": false,
    "randomize_training_order": true,
    "model_optimizer": "adam",
    "guesser_intermediate_directory": "guesser_files",
    "cleanup_guesser_files": true,
    "early_stopping": false,
    "early_stopping_patience": 10000,
    "compute_stats": false,
    "password_test_fname": "",
    "chunk_size_guesser": 1000,
    "random_walk_seed_num": 1000,
    "max_gpu_prediction_size": 25000,
    "cpu_limit": 8,
    "random_walk_confidence_bound_z_value": 1.96,
    "random_walk_confidence_percent": 5,
    "random_walk_upper_bound": 10,
    "no_end_word_cache": false,
    "enforced_policy": "basic",
    "pwd_list_weights": {},
    "dropouts": false,
    "dropout_ratio": 0.25,
    "tensorboard": false,
    "tensorboard_dir": ".",
    "context_length": 40,
    "train_backwards": false,
    "dense_layers": 0,
    "dense_hidden_size": 128,
    "secondary_training": false,
    "secondary_train_sets": {},
    "training_main_memory_chunksize": 1000000,
    "probability_steps": false,
    "freeze_feature_layers_during_secondary_training": true,
    "secondary_training_save_freqs": false,
    "guessing_secondary_training": false,
    "guesser_class": "markov_human",
    "freq_format": "hex",
    "padding_character": false,
    "convolutional_kernel_size": 3,
    "embedding_layer": false,
    "embedding_size": 8,
    "previous_probability_mapping_file": null,
    "probability_calculator_cache_size": 0,
    "additive_smoothing_amount": 0,
    "backoff_smoothing_threshold": 10
}
2026-07-17 16:07:50,788 INFO: Loading model from jxy/output/markov_model_k5.json
2026-07-17 16:07:50,790 INFO: Enumerating guesses starting at , 1...
2026-07-17 16:07:51,002 INFO: Generated 34 guesses
2026-07-17 16:08:39,648 INFO: Beginning...
2026-07-17 16:08:39,649 INFO: Arguments: {
    "train_file": null,
    "ofile": "jxy/output/markov_guesses_k2.txt",
    "model_file": "jxy/output/markov_model_k2.json",
    "password_file": null,
    "k_order": 2,
    "config": null,
    "smoothing": "none",
    "train_format": "tsv",
    "config_values": null,
    "log_file": "jxy/log/guess_markov.log",
    "log_level": "info"
}
2026-07-17 16:08:39,686 INFO: Version: 36c8345f6526b1428836495800c7a00f1ed7aad7
2026-07-17 16:08:39,686 INFO: Using default config
2026-07-17 16:08:39,686 INFO: Using config: {
    "char_bag": "abcdefghijklmnopqrstuvwxyzABCDEFGHIJKLMNOPQRSTUVWXYZ0123456789~!@#$%^&*(),.<>/?'\"{}[]\\|-_=+;: `\n",
    "model_type": "LSTM",
    "sequence_model": 0,
    "hidden_size": 128,
    "layers": 1,
    "max_len": 40,
    "min_len": 4,
    "training_chunk": 128,
    "generations": 20,
    "chunk_print_interval": 1000,
    "lower_probability_threshold": 1e-05,
    "relevel_not_matching_passwords": true,
    "training_accuracy_threshold": -1.0,
    "train_test_ratio": 10,
    "rare_character_optimization": false,
    "rare_character_optimization_guessing": false,
    "uppercase_character_optimization": false,
    "rare_character_lowest_threshold": 20,
    "guess_serialization_method": "human",
    "simulated_frequency_optimization": true,
    "intermediate_fname": ":memory:",
    "save_always": true,
    "save_model_versioned": false,
    "randomize_training_order": true,
    "model_optimizer": "adam",
    "guesser_intermediate_directory": "guesser_files",
    "cleanup_guesser_files": true,
    "early_stopping": false,
    "early_stopping_patience": 10000,
    "compute_stats": false,
    "password_test_fname": "",
    "chunk_size_guesser": 1000,
    "random_walk_seed_num": 1000,
    "max_gpu_prediction_size": 25000,
    "cpu_limit": 8,
    "random_walk_confidence_bound_z_value": 1.96,
    "random_walk_confidence_percent": 5,
    "random_walk_upper_bound": 10,
    "no_end_word_cache": false,
    "enforced_policy": "basic",
    "pwd_list_weights": {},
    "dropouts": false,
    "dropout_ratio": 0.25,
    "tensorboard": false,
    "tensorboard_dir": ".",
    "context_length": 40,
    "train_backwards": false,
    "dense_layers": 0,
    "dense_hidden_size": 128,
    "secondary_training": false,
    "secondary_train_sets": {},
    "training_main_memory_chunksize": 1000000,
    "probability_steps": false,
    "freeze_feature_layers_during_secondary_training": true,
    "secondary_training_save_freqs": false,
    "guessing_secondary_training": false,
    "guesser_class": "markov_human",
    "freq_format": "hex",
    "padding_character": false,
    "convolutional_kernel_size": 3,
    "embedding_layer": false,
    "embedding_size": 8,
    "previous_probability_mapping_file": null,
    "probability_calculator_cache_size": 0,
    "additive_smoothing_amount": 0,
    "backoff_smoothing_threshold": 10
}
2026-07-17 16:08:39,687 INFO: Loading model from jxy/output/markov_model_k2.json
2026-07-17 16:08:39,695 INFO: Enumerating guesses starting at , 1...
2026-07-17 16:08:48,292 INFO: Generated 4672 guesses
2026-07-17 16:37:51,483 INFO: Beginning...
2026-07-17 16:37:51,484 INFO: Arguments: {
    "train_file": null,
    "ofile": "jxy/output/markov_guesses.txt",
    "model_file": "jxy/output/markov_model_k2.json",
    "password_file": null,
    "k_order": 2,
    "config": null,
    "smoothing": "none",
    "train_format": "tsv",
    "config_values": null,
    "log_file": "jxy/log/guess_markov.log",
    "log_level": "info"
}
2026-07-17 16:37:51,538 INFO: Version: a4d3efc543988c2b0d7085710d07d95941ed5e65
2026-07-17 16:37:51,538 INFO: Using default config
2026-07-17 16:37:51,539 INFO: Using config: {
    "char_bag": "abcdefghijklmnopqrstuvwxyzABCDEFGHIJKLMNOPQRSTUVWXYZ0123456789~!@#$%^&*(),.<>/?'\"{}[]\\|-_=+;: `\n",
    "model_type": "LSTM",
    "sequence_model": 0,
    "hidden_size": 128,
    "layers": 1,
    "max_len": 40,
    "min_len": 4,
    "training_chunk": 128,
    "generations": 20,
    "chunk_print_interval": 1000,
    "lower_probability_threshold": 1e-05,
    "relevel_not_matching_passwords": true,
    "training_accuracy_threshold": -1.0,
    "train_test_ratio": 10,
    "rare_character_optimization": false,
    "rare_character_optimization_guessing": false,
    "uppercase_character_optimization": false,
    "rare_character_lowest_threshold": 20,
    "guess_serialization_method": "human",
    "simulated_frequency_optimization": true,
    "intermediate_fname": ":memory:",
    "save_always": true,
    "save_model_versioned": false,
    "randomize_training_order": true,
    "model_optimizer": "adam",
    "guesser_intermediate_directory": "guesser_files",
    "cleanup_guesser_files": true,
    "early_stopping": false,
    "early_stopping_patience": 10000,
    "compute_stats": false,
    "password_test_fname": "",
    "chunk_size_guesser": 1000,
    "random_walk_seed_num": 1000,
    "max_gpu_prediction_size": 25000,
    "cpu_limit": 8,
    "random_walk_confidence_bound_z_value": 1.96,
    "random_walk_confidence_percent": 5,
    "random_walk_upper_bound": 10,
    "no_end_word_cache": false,
    "enforced_policy": "basic",
    "pwd_list_weights": {},
    "dropouts": false,
    "dropout_ratio": 0.25,
    "tensorboard": false,
    "tensorboard_dir": ".",
    "context_length": 40,
    "train_backwards": false,
    "dense_layers": 0,
    "dense_hidden_size": 128,
    "secondary_training": false,
    "secondary_train_sets": {},
    "training_main_memory_chunksize": 1000000,
    "probability_steps": false,
    "freeze_feature_layers_during_secondary_training": true,
    "secondary_training_save_freqs": false,
    "guessing_secondary_training": false,
    "guesser_class": "markov_human",
    "freq_format": "hex",
    "padding_character": false,
    "convolutional_kernel_size": 3,
    "embedding_layer": false,
    "embedding_size": 8,
    "previous_probability_mapping_file": null,
    "probability_calculator_cache_size": 0,
    "additive_smoothing_amount": 0,
    "backoff_smoothing_threshold": 10
}
2026-07-17 16:37:51,539 INFO: Loading model from jxy/output/markov_model_k2.json
2026-07-17 16:37:51,541 INFO: Enumerating guesses starting at , 1...
2026-07-17 16:38:13,125 INFO: Generated 4672 guesses
2026-07-21 15:39:23,239 INFO: Beginning...
2026-07-21 15:39:23,239 INFO: Arguments: {
    "train_file": null,
    "ofile": "jxy/output/markov_guesses_k5.txt",
    "model_file": "jxy/output/markov_model_k5.json",
    "password_file": null,
    "k_order": 2,
    "config": null,
    "smoothing": "none",
    "train_format": "tsv",
    "config_values": null,
    "log_file": "jxy/log/guess_markov.log",
    "log_level": "info"
}
2026-07-21 15:39:23,293 INFO: Version: a1346598dcb448263971e997c5c73483f71c846b
2026-07-21 15:40:38,774 INFO: Using default config
2026-07-21 15:40:38,775 INFO: Using config: {
    "char_bag": "abcdefghijklmnopqrstuvwxyzABCDEFGHIJKLMNOPQRSTUVWXYZ0123456789~!@#$%^&*(),.<>/?'\"{}[]\\|-_=+;: `\n",
    "model_type": "LSTM",
    "sequence_model": 0,
    "hidden_size": 128,
    "layers": 1,
    "max_len": 40,
    "min_len": 4,
    "training_chunk": 128,
    "generations": 20,
    "chunk_print_interval": 1000,
    "lower_probability_threshold": 1e-05,
    "relevel_not_matching_passwords": true,
    "training_accuracy_threshold": -1.0,
    "train_test_ratio": 10,
    "rare_character_optimization": false,
    "rare_character_optimization_guessing": false,
    "uppercase_character_optimization": false,
    "rare_character_lowest_threshold": 20,
    "guess_serialization_method": "human",
    "simulated_frequency_optimization": true,
    "intermediate_fname": ":memory:",
    "save_always": true,
    "save_model_versioned": false,
    "randomize_training_order": true,
    "model_optimizer": "adam",
    "guesser_intermediate_directory": "guesser_files",
    "cleanup_guesser_files": true,
    "early_stopping": false,
    "early_stopping_patience": 10000,
    "compute_stats": false,
    "password_test_fname": "",
    "chunk_size_guesser": 1000,
    "random_walk_seed_num": 1000,
    "max_gpu_prediction_size": 25000,
    "cpu_limit": 8,
    "random_walk_confidence_bound_z_value": 1.96,
    "random_walk_confidence_percent": 5,
    "random_walk_upper_bound": 10,
    "no_end_word_cache": false,
    "enforced_policy": "basic",
    "pwd_list_weights": {},
    "dropouts": false,
    "dropout_ratio": 0.25,
    "tensorboard": false,
    "tensorboard_dir": ".",
    "context_length": 40,
    "train_backwards": false,
    "dense_layers": 0,
    "dense_hidden_size": 128,
    "secondary_training": false,
    "secondary_train_sets": {},
    "training_main_memory_chunksize": 1000000,
    "probability_steps": false,
    "freeze_feature_layers_during_secondary_training": true,
    "secondary_training_save_freqs": false,
    "guessing_secondary_training": false,
    "guesser_class": "markov_human",
    "freq_format": "hex",
    "padding_character": false,
    "convolutional_kernel_size": 3,
    "embedding_layer": false,
    "embedding_size": 8,
    "previous_probability_mapping_file": null,
    "probability_calculator_cache_size": 0,
    "additive_smoothing_amount": 0,
    "backoff_smoothing_threshold": 10
}
2026-07-21 15:45:16,315 INFO: Loading model from jxy/output/markov_model_k5.json
2026-07-21 15:48:30,236 INFO: Enumerating guesses starting at , 1...
2026-07-21 15:48:30,666 INFO: Generated 34 guesses
2026-07-21 15:49:10,381 INFO: Beginning...
2026-07-21 15:49:10,381 INFO: Arguments: {
    "train_file": null,
    "ofile": "jxy/output/markov_guesses_k2.txt",
    "model_file": "jxy/output/markov_model_k5.json",
    "password_file": null,
    "k_order": 2,
    "config": null,
    "smoothing": "none",
    "train_format": "tsv",
    "config_values": null,
    "log_file": "jxy/log/guess_markov.log",
    "log_level": "info"
}
2026-07-21 15:49:10,432 INFO: Version: a1346598dcb448263971e997c5c73483f71c846b
2026-07-21 15:49:10,432 INFO: Using default config
2026-07-21 15:49:10,432 INFO: Using config: {
    "char_bag": "abcdefghijklmnopqrstuvwxyzABCDEFGHIJKLMNOPQRSTUVWXYZ0123456789~!@#$%^&*(),.<>/?'\"{}[]\\|-_=+;: `\n",
    "model_type": "LSTM",
    "sequence_model": 0,
    "hidden_size": 128,
    "layers": 1,
    "max_len": 40,
    "min_len": 4,
    "training_chunk": 128,
    "generations": 20,
    "chunk_print_interval": 1000,
    "lower_probability_threshold": 1e-05,
    "relevel_not_matching_passwords": true,
    "training_accuracy_threshold": -1.0,
    "train_test_ratio": 10,
    "rare_character_optimization": false,
    "rare_character_optimization_guessing": false,
    "uppercase_character_optimization": false,
    "rare_character_lowest_threshold": 20,
    "guess_serialization_method": "human",
    "simulated_frequency_optimization": true,
    "intermediate_fname": ":memory:",
    "save_always": true,
    "save_model_versioned": false,
    "randomize_training_order": true,
    "model_optimizer": "adam",
    "guesser_intermediate_directory": "guesser_files",
    "cleanup_guesser_files": true,
    "early_stopping": false,
    "early_stopping_patience": 10000,
    "compute_stats": false,
    "password_test_fname": "",
    "chunk_size_guesser": 1000,
    "random_walk_seed_num": 1000,
    "max_gpu_prediction_size": 25000,
    "cpu_limit": 8,
    "random_walk_confidence_bound_z_value": 1.96,
    "random_walk_confidence_percent": 5,
    "random_walk_upper_bound": 10,
    "no_end_word_cache": false,
    "enforced_policy": "basic",
    "pwd_list_weights": {},
    "dropouts": false,
    "dropout_ratio": 0.25,
    "tensorboard": false,
    "tensorboard_dir": ".",
    "context_length": 40,
    "train_backwards": false,
    "dense_layers": 0,
    "dense_hidden_size": 128,
    "secondary_training": false,
    "secondary_train_sets": {},
    "training_main_memory_chunksize": 1000000,
    "probability_steps": false,
    "freeze_feature_layers_during_secondary_training": true,
    "secondary_training_save_freqs": false,
    "guessing_secondary_training": false,
    "guesser_class": "markov_human",
    "freq_format": "hex",
    "padding_character": false,
    "convolutional_kernel_size": 3,
    "embedding_layer": false,
    "embedding_size": 8,
    "previous_probability_mapping_file": null,
    "probability_calculator_cache_size": 0,
    "additive_smoothing_amount": 0,
    "backoff_smoothing_threshold": 10
}
2026-07-21 15:49:10,432 INFO: Loading model from jxy/output/markov_model_k5.json
2026-07-21 15:49:10,433 INFO: Enumerating guesses starting at , 1...
2026-07-21 15:49:10,650 INFO: Generated 34 guesses
2026-07-21 15:50:12,578 INFO: Beginning...
2026-07-21 15:50:12,578 INFO: Arguments: {
    "train_file": null,
    "ofile": "jxy/output/model_k5_markov_guesses_k2.txt",
    "model_file": "jxy/output/markov_model_k5.json",
    "password_file": null,
    "k_order": 2,
    "config": null,
    "smoothing": "none",
    "train_format": "tsv",
    "config_values": null,
    "log_file": "jxy/log/guess_markov.log",
    "log_level": "info"
}
2026-07-21 15:50:12,629 INFO: Version: a1346598dcb448263971e997c5c73483f71c846b
2026-07-21 15:50:12,629 INFO: Using default config
2026-07-21 15:50:12,629 INFO: Using config: {
    "char_bag": "abcdefghijklmnopqrstuvwxyzABCDEFGHIJKLMNOPQRSTUVWXYZ0123456789~!@#$%^&*(),.<>/?'\"{}[]\\|-_=+;: `\n",
    "model_type": "LSTM",
    "sequence_model": 0,
    "hidden_size": 128,
    "layers": 1,
    "max_len": 40,
    "min_len": 4,
    "training_chunk": 128,
    "generations": 20,
    "chunk_print_interval": 1000,
    "lower_probability_threshold": 1e-05,
    "relevel_not_matching_passwords": true,
    "training_accuracy_threshold": -1.0,
    "train_test_ratio": 10,
    "rare_character_optimization": false,
    "rare_character_optimization_guessing": false,
    "uppercase_character_optimization": false,
    "rare_character_lowest_threshold": 20,
    "guess_serialization_method": "human",
    "simulated_frequency_optimization": true,
    "intermediate_fname": ":memory:",
    "save_always": true,
    "save_model_versioned": false,
    "randomize_training_order": true,
    "model_optimizer": "adam",
    "guesser_intermediate_directory": "guesser_files",
    "cleanup_guesser_files": true,
    "early_stopping": false,
    "early_stopping_patience": 10000,
    "compute_stats": false,
    "password_test_fname": "",
    "chunk_size_guesser": 1000,
    "random_walk_seed_num": 1000,
    "max_gpu_prediction_size": 25000,
    "cpu_limit": 8,
    "random_walk_confidence_bound_z_value": 1.96,
    "random_walk_confidence_percent": 5,
    "random_walk_upper_bound": 10,
    "no_end_word_cache": false,
    "enforced_policy": "basic",
    "pwd_list_weights": {},
    "dropouts": false,
    "dropout_ratio": 0.25,
    "tensorboard": false,
    "tensorboard_dir": ".",
    "context_length": 40,
    "train_backwards": false,
    "dense_layers": 0,
    "dense_hidden_size": 128,
    "secondary_training": false,
    "secondary_train_sets": {},
    "training_main_memory_chunksize": 1000000,
    "probability_steps": false,
    "freeze_feature_layers_during_secondary_training": true,
    "secondary_training_save_freqs": false,
    "guessing_secondary_training": false,
    "guesser_class": "markov_human",
    "freq_format": "hex",
    "padding_character": false,
    "convolutional_kernel_size": 3,
    "embedding_layer": false,
    "embedding_size": 8,
    "previous_probability_mapping_file": null,
    "probability_calculator_cache_size": 0,
    "additive_smoothing_amount": 0,
    "backoff_smoothing_threshold": 10
}
2026-07-21 15:50:12,630 INFO: Loading model from jxy/output/markov_model_k5.json
2026-07-21 15:50:12,631 INFO: Enumerating guesses starting at , 1...
2026-07-21 15:50:12,845 INFO: Generated 34 guesses
2026-07-21 15:50:35,363 INFO: Beginning...
2026-07-21 15:50:35,363 INFO: Arguments: {
    "train_file": null,
    "ofile": "jxy/output/model_k5_markov_guesses_k5.txt",
    "model_file": "jxy/output/markov_model_k5.json",
    "password_file": null,
    "k_order": 2,
    "config": null,
    "smoothing": "none",
    "train_format": "tsv",
    "config_values": null,
    "log_file": "jxy/log/guess_markov.log",
    "log_level": "info"
}
2026-07-21 15:50:35,414 INFO: Version: a1346598dcb448263971e997c5c73483f71c846b
2026-07-21 15:50:35,414 INFO: Using default config
2026-07-21 15:50:35,414 INFO: Using config: {
    "char_bag": "abcdefghijklmnopqrstuvwxyzABCDEFGHIJKLMNOPQRSTUVWXYZ0123456789~!@#$%^&*(),.<>/?'\"{}[]\\|-_=+;: `\n",
    "model_type": "LSTM",
    "sequence_model": 0,
    "hidden_size": 128,
    "layers": 1,
    "max_len": 40,
    "min_len": 4,
    "training_chunk": 128,
    "generations": 20,
    "chunk_print_interval": 1000,
    "lower_probability_threshold": 1e-05,
    "relevel_not_matching_passwords": true,
    "training_accuracy_threshold": -1.0,
    "train_test_ratio": 10,
    "rare_character_optimization": false,
    "rare_character_optimization_guessing": false,
    "uppercase_character_optimization": false,
    "rare_character_lowest_threshold": 20,
    "guess_serialization_method": "human",
    "simulated_frequency_optimization": true,
    "intermediate_fname": ":memory:",
    "save_always": true,
    "save_model_versioned": false,
    "randomize_training_order": true,
    "model_optimizer": "adam",
    "guesser_intermediate_directory": "guesser_files",
    "cleanup_guesser_files": true,
    "early_stopping": false,
    "early_stopping_patience": 10000,
    "compute_stats": false,
    "password_test_fname": "",
    "chunk_size_guesser": 1000,
    "random_walk_seed_num": 1000,
    "max_gpu_prediction_size": 25000,
    "cpu_limit": 8,
    "random_walk_confidence_bound_z_value": 1.96,
    "random_walk_confidence_percent": 5,
    "random_walk_upper_bound": 10,
    "no_end_word_cache": false,
    "enforced_policy": "basic",
    "pwd_list_weights": {},
    "dropouts": false,
    "dropout_ratio": 0.25,
    "tensorboard": false,
    "tensorboard_dir": ".",
    "context_length": 40,
    "train_backwards": false,
    "dense_layers": 0,
    "dense_hidden_size": 128,
    "secondary_training": false,
    "secondary_train_sets": {},
    "training_main_memory_chunksize": 1000000,
    "probability_steps": false,
    "freeze_feature_layers_during_secondary_training": true,
    "secondary_training_save_freqs": false,
    "guessing_secondary_training": false,
    "guesser_class": "markov_human",
    "freq_format": "hex",
    "padding_character": false,
    "convolutional_kernel_size": 3,
    "embedding_layer": false,
    "embedding_size": 8,
    "previous_probability_mapping_file": null,
    "probability_calculator_cache_size": 0,
    "additive_smoothing_amount": 0,
    "backoff_smoothing_threshold": 10
}
2026-07-21 15:50:35,415 INFO: Loading model from jxy/output/markov_model_k5.json
2026-07-21 15:50:35,416 INFO: Enumerating guesses starting at , 1...
2026-07-21 15:50:35,633 INFO: Generated 34 guesses
2026-07-21 15:52:21,204 INFO: Beginning...
2026-07-21 15:52:21,204 INFO: Arguments: {
    "train_file": null,
    "ofile": "jxy/output/model_k5_markov_guesses_k5.txt",
    "model_file": "jxy/output/markov_model_k5.json",
    "password_file": null,
    "k_order": 5,
    "config": null,
    "smoothing": "none",
    "train_format": "tsv",
    "config_values": null,
    "log_file": "jxy/log/guess_markov.log",
    "log_level": "info"
}
2026-07-21 15:52:21,254 INFO: Version: a1346598dcb448263971e997c5c73483f71c846b
2026-07-21 15:52:21,254 INFO: Using default config
2026-07-21 15:52:21,255 INFO: Using config: {
    "char_bag": "abcdefghijklmnopqrstuvwxyzABCDEFGHIJKLMNOPQRSTUVWXYZ0123456789~!@#$%^&*(),.<>/?'\"{}[]\\|-_=+;: `\n",
    "model_type": "LSTM",
    "sequence_model": 0,
    "hidden_size": 128,
    "layers": 1,
    "max_len": 40,
    "min_len": 4,
    "training_chunk": 128,
    "generations": 20,
    "chunk_print_interval": 1000,
    "lower_probability_threshold": 1e-05,
    "relevel_not_matching_passwords": true,
    "training_accuracy_threshold": -1.0,
    "train_test_ratio": 10,
    "rare_character_optimization": false,
    "rare_character_optimization_guessing": false,
    "uppercase_character_optimization": false,
    "rare_character_lowest_threshold": 20,
    "guess_serialization_method": "human",
    "simulated_frequency_optimization": true,
    "intermediate_fname": ":memory:",
    "save_always": true,
    "save_model_versioned": false,
    "randomize_training_order": true,
    "model_optimizer": "adam",
    "guesser_intermediate_directory": "guesser_files",
    "cleanup_guesser_files": true,
    "early_stopping": false,
    "early_stopping_patience": 10000,
    "compute_stats": false,
    "password_test_fname": "",
    "chunk_size_guesser": 1000,
    "random_walk_seed_num": 1000,
    "max_gpu_prediction_size": 25000,
    "cpu_limit": 8,
    "random_walk_confidence_bound_z_value": 1.96,
    "random_walk_confidence_percent": 5,
    "random_walk_upper_bound": 10,
    "no_end_word_cache": false,
    "enforced_policy": "basic",
    "pwd_list_weights": {},
    "dropouts": false,
    "dropout_ratio": 0.25,
    "tensorboard": false,
    "tensorboard_dir": ".",
    "context_length": 40,
    "train_backwards": false,
    "dense_layers": 0,
    "dense_hidden_size": 128,
    "secondary_training": false,
    "secondary_train_sets": {},
    "training_main_memory_chunksize": 1000000,
    "probability_steps": false,
    "freeze_feature_layers_during_secondary_training": true,
    "secondary_training_save_freqs": false,
    "guessing_secondary_training": false,
    "guesser_class": "markov_human",
    "freq_format": "hex",
    "padding_character": false,
    "convolutional_kernel_size": 3,
    "embedding_layer": false,
    "embedding_size": 8,
    "previous_probability_mapping_file": null,
    "probability_calculator_cache_size": 0,
    "additive_smoothing_amount": 0,
    "backoff_smoothing_threshold": 10
}
2026-07-21 15:52:21,255 INFO: Loading model from jxy/output/markov_model_k5.json
2026-07-21 15:52:21,256 INFO: Enumerating guesses starting at , 1...
2026-07-21 15:52:21,334 INFO: Generated 295 guesses
2026-07-21 15:56:25,595 INFO: Beginning...
2026-07-21 15:56:25,595 INFO: Arguments: {
    "train_file": null,
    "ofile": "jxy/output/markov_guesses_k2.txt",
    "model_file": "jxy/output/markov_model_k2.json",
    "password_file": null,
    "k_order": 2,
    "config": null,
    "smoothing": "none",
    "train_format": "tsv",
    "config_values": null,
    "log_file": "jxy/log/guess_markov.log",
    "log_level": "info"
}
2026-07-21 15:56:25,644 INFO: Version: a1346598dcb448263971e997c5c73483f71c846b
2026-07-21 15:56:25,644 INFO: Using default config
2026-07-21 15:56:25,644 INFO: Using config: {
    "char_bag": "abcdefghijklmnopqrstuvwxyzABCDEFGHIJKLMNOPQRSTUVWXYZ0123456789~!@#$%^&*(),.<>/?'\"{}[]\\|-_=+;: `\n",
    "model_type": "LSTM",
    "sequence_model": 0,
    "hidden_size": 128,
    "layers": 1,
    "max_len": 40,
    "min_len": 4,
    "training_chunk": 128,
    "generations": 20,
    "chunk_print_interval": 1000,
    "lower_probability_threshold": 1e-05,
    "relevel_not_matching_passwords": true,
    "training_accuracy_threshold": -1.0,
    "train_test_ratio": 10,
    "rare_character_optimization": false,
    "rare_character_optimization_guessing": false,
    "uppercase_character_optimization": false,
    "rare_character_lowest_threshold": 20,
    "guess_serialization_method": "human",
    "simulated_frequency_optimization": true,
    "intermediate_fname": ":memory:",
    "save_always": true,
    "save_model_versioned": false,
    "randomize_training_order": true,
    "model_optimizer": "adam",
    "guesser_intermediate_directory": "guesser_files",
    "cleanup_guesser_files": true,
    "early_stopping": false,
    "early_stopping_patience": 10000,
    "compute_stats": false,
    "password_test_fname": "",
    "chunk_size_guesser": 1000,
    "random_walk_seed_num": 1000,
    "max_gpu_prediction_size": 25000,
    "cpu_limit": 8,
    "random_walk_confidence_bound_z_value": 1.96,
    "random_walk_confidence_percent": 5,
    "random_walk_upper_bound": 10,
    "no_end_word_cache": false,
    "enforced_policy": "basic",
    "pwd_list_weights": {},
    "dropouts": false,
    "dropout_ratio": 0.25,
    "tensorboard": false,
    "tensorboard_dir": ".",
    "context_length": 40,
    "train_backwards": false,
    "dense_layers": 0,
    "dense_hidden_size": 128,
    "secondary_training": false,
    "secondary_train_sets": {},
    "training_main_memory_chunksize": 1000000,
    "probability_steps": false,
    "freeze_feature_layers_during_secondary_training": true,
    "secondary_training_save_freqs": false,
    "guessing_secondary_training": false,
    "guesser_class": "markov_human",
    "freq_format": "hex",
    "padding_character": false,
    "convolutional_kernel_size": 3,
    "embedding_layer": false,
    "embedding_size": 8,
    "previous_probability_mapping_file": null,
    "probability_calculator_cache_size": 0,
    "additive_smoothing_amount": 0,
    "backoff_smoothing_threshold": 10
}
2026-07-21 15:56:25,644 INFO: Loading model from jxy/output/markov_model_k2.json
2026-07-21 15:56:25,645 INFO: Enumerating guesses starting at , 1...
2026-07-21 15:56:29,473 INFO: Generated 4672 guesses
